<?xml version="1.0" encoding="UTF-8"?>
<testsuite name="com.phonebook.tests.CreateAccountTests" tests="1" skipped="0" failures="0" errors="0" timestamp="2024-04-10T22:11:55" hostname="MacA2251" time="0.796">
  <properties/>
  <testcase name="createNewAccountWithExistingEmailNegativeTest" classname="com.phonebook.tests.CreateAccountTests" time="0.796"/>
  <system-out><![CDATA[]]></system-out>
  <system-err><![CDATA[]]></system-err>
</testsuite>
