<?xml version="1.0" encoding="UTF-8"?>
<testsuite name="com.phonebook.tests.DeleteContactTests" tests="1" skipped="0" failures="0" errors="0" timestamp="2024-04-10T22:11:56" hostname="MacA2251" time="12.055">
  <properties/>
  <testcase name="deleteContactPositiveTest" classname="com.phonebook.tests.DeleteContactTests" time="12.055"/>
  <system-out><![CDATA[]]></system-out>
  <system-err><![CDATA[]]></system-err>
</testsuite>
