<?xml version="1.0" encoding="UTF-8"?>
<testsuite name="com.phonebook.tests.AddContactTest" tests="1" skipped="0" failures="0" errors="0" timestamp="2024-04-10T22:11:42" hostname="MacA2251" time="2.121">
  <properties/>
  <testcase name="addContactPositiveTest" classname="com.phonebook.tests.AddContactTest" time="2.121"/>
  <system-out><![CDATA[]]></system-out>
  <system-err><![CDATA[]]></system-err>
</testsuite>
